This is pdfTeX, Version 3.14159265-2.6-1.40.20 (MiKTeX 2.9.7250 64-bit) (preloaded format=pdflatex 2020.3.20)  27 MAR 2020 22:54
entering extended mode
**./Cluster_Analysis.tex
(Cluster_Analysis.tex
LaTeX2e <2019-10-01> patch level 3

("C:\Users\Alex\AppData\Local\Programs\MiKTeX 2.9\tex/latex/extsizes\extarticle
.cls"
Document Class: extarticle 1996/10/08 v1.0 Non Standard LaTeX document class
("C:\Users\Alex\AppData\Local\Programs\MiKTeX 2.9\tex/latex/extsizes\size14.clo
"
File: size14.clo 1999/11/11 v1.4a NON-Standard LaTeX file (size option)
) ("C:\Users\Alex\AppData\Local\Programs\MiKTeX 2.9\tex/latex/base\exscale.sty"
Package: exscale 2018/09/24 v2.1i Standard LaTeX package exscale
LaTeX Font Info:    Redeclaring symbol font `largesymbols' on input line 57.
LaTeX Font Info:    Overwriting symbol font `largesymbols' in version `normal'
(Font)                  OMX/cmex/m/n --> OMX/cmex/m/n on input line 57.
LaTeX Font Info:    Overwriting symbol font `largesymbols' in version `bold'
(Font)                  OMX/cmex/m/n --> OMX/cmex/m/n on input line 57.
\big@size=\dimen102
)
\c@part=\count80
\c@section=\count81
\c@subsection=\count82
\c@subsubsection=\count83
\c@paragraph=\count84
\c@subparagraph=\count85
\c@figure=\count86
\c@table=\count87
\abovecaptionskip=\skip41
\belowcaptionskip=\skip42
\bibindent=\dimen103
) (spbudiploma.sty
("C:\Users\Alex\AppData\Local\Programs\MiKTeX 2.9\tex/latex/geometry\geometry.s
ty"
Package: geometry 2018/04/16 v5.8 Page Geometry

("C:\Users\Alex\AppData\Local\Programs\MiKTeX 2.9\tex/latex/graphics\keyval.sty
"
Package: keyval 2014/10/28 v1.15 key=value parser (DPC)
\KV@toks@=\toks14
) ("C:\Users\Alex\AppData\Local\Programs\MiKTeX 2.9\tex/generic/iftex\ifpdf.sty
"
Package: ifpdf 2019/10/25 v3.4 ifpdf legacy package. Use iftex instead.
 ("C:\Users\Alex\AppData\Local\Programs\MiKTeX 2.9\tex/generic/iftex\iftex.sty"
Package: iftex 2019/11/07 v1.0c TeX engine tests
))
("C:\Users\Alex\AppData\Local\Programs\MiKTeX 2.9\tex/generic/iftex\ifvtex.sty"
Package: ifvtex 2019/10/25 v1.7 ifvtex legacy package. Use iftex instead.
)
("C:\Users\Alex\AppData\Local\Programs\MiKTeX 2.9\tex/generic/iftex\ifxetex.sty
"
Package: ifxetex 2019/10/25 v0.7 ifxetex legacy package. Use iftex instead.
)
\Gm@cnth=\count88
\Gm@cntv=\count89
\c@Gm@tempcnt=\count90
\Gm@bindingoffset=\dimen104
\Gm@wd@mp=\dimen105
\Gm@odd@mp=\dimen106
\Gm@even@mp=\dimen107
\Gm@layoutwidth=\dimen108
\Gm@layoutheight=\dimen109
\Gm@layouthoffset=\dimen110
\Gm@layoutvoffset=\dimen111
\Gm@dimlist=\toks15

("C:\Users\Alex\AppData\Local\Programs\MiKTeX 2.9\tex/latex/geometry\geometry.c
fg"))
("C:\Users\Alex\AppData\Local\Programs\MiKTeX 2.9\tex/latex/base\inputenc.sty"
Package: inputenc 2018/08/11 v1.3c Input encoding file
\inpenc@prehook=\toks16
\inpenc@posthook=\toks17
) ("C:\Users\Alex\AppData\Local\Programs\MiKTeX 2.9\tex/latex/base\fontenc.sty"
Package: fontenc 2018/08/11 v2.0j Standard LaTeX package

("C:\Users\Alex\AppData\Local\Programs\MiKTeX 2.9\tex/latex/cyrillic\t2aenc.def
"
File: t2aenc.def 2005/09/27 v1.0i Cyrillic encoding definition file
Now handling font encoding T2A ...
... processing UTF-8 mapping file for font encoding T2A
 ("C:\Users\Alex\AppData\Local\Programs\MiKTeX 2.9\tex/latex/base\t2aenc.dfu"
File: t2aenc.dfu 2019/07/11 v1.2j UTF-8 support for inputenc
   defining Unicode char U+00A4 (decimal 164)
   defining Unicode char U+00A7 (decimal 167)
   defining Unicode char U+00AB (decimal 171)
   defining Unicode char U+00BB (decimal 187)
   defining Unicode char U+0131 (decimal 305)
   defining Unicode char U+0237 (decimal 567)
   defining Unicode char U+0400 (decimal 1024)
   defining Unicode char U+0401 (decimal 1025)
   defining Unicode char U+0402 (decimal 1026)
   defining Unicode char U+0403 (decimal 1027)
   defining Unicode char U+0404 (decimal 1028)
   defining Unicode char U+0405 (decimal 1029)
   defining Unicode char U+0406 (decimal 1030)
   defining Unicode char U+0407 (decimal 1031)
   defining Unicode char U+0408 (decimal 1032)
   defining Unicode char U+0409 (decimal 1033)
   defining Unicode char U+040A (decimal 1034)
   defining Unicode char U+040B (decimal 1035)
   defining Unicode char U+040C (decimal 1036)
   defining Unicode char U+040D (decimal 1037)
   defining Unicode char U+040E (decimal 1038)
   defining Unicode char U+040F (decimal 1039)
   defining Unicode char U+0410 (decimal 1040)
   defining Unicode char U+0411 (decimal 1041)
   defining Unicode char U+0412 (decimal 1042)
   defining Unicode char U+0413 (decimal 1043)
   defining Unicode char U+0414 (decimal 1044)
   defining Unicode char U+0415 (decimal 1045)
   defining Unicode char U+0416 (decimal 1046)
   defining Unicode char U+0417 (decimal 1047)
   defining Unicode char U+0418 (decimal 1048)
   defining Unicode char U+0419 (decimal 1049)
   defining Unicode char U+041A (decimal 1050)
   defining Unicode char U+041B (decimal 1051)
   defining Unicode char U+041C (decimal 1052)
   defining Unicode char U+041D (decimal 1053)
   defining Unicode char U+041E (decimal 1054)
   defining Unicode char U+041F (decimal 1055)
   defining Unicode char U+0420 (decimal 1056)
   defining Unicode char U+0421 (decimal 1057)
   defining Unicode char U+0422 (decimal 1058)
   defining Unicode char U+0423 (decimal 1059)
   defining Unicode char U+0424 (decimal 1060)
   defining Unicode char U+0425 (decimal 1061)
   defining Unicode char U+0426 (decimal 1062)
   defining Unicode char U+0427 (decimal 1063)
   defining Unicode char U+0428 (decimal 1064)
   defining Unicode char U+0429 (decimal 1065)
   defining Unicode char U+042A (decimal 1066)
   defining Unicode char U+042B (decimal 1067)
   defining Unicode char U+042C (decimal 1068)
   defining Unicode char U+042D (decimal 1069)
   defining Unicode char U+042E (decimal 1070)
   defining Unicode char U+042F (decimal 1071)
   defining Unicode char U+0430 (decimal 1072)
   defining Unicode char U+0431 (decimal 1073)
   defining Unicode char U+0432 (decimal 1074)
   defining Unicode char U+0433 (decimal 1075)
   defining Unicode char U+0434 (decimal 1076)
   defining Unicode char U+0435 (decimal 1077)
   defining Unicode char U+0436 (decimal 1078)
   defining Unicode char U+0437 (decimal 1079)
   defining Unicode char U+0438 (decimal 1080)
   defining Unicode char U+0439 (decimal 1081)
   defining Unicode char U+043A (decimal 1082)
   defining Unicode char U+043B (decimal 1083)
   defining Unicode char U+043C (decimal 1084)
   defining Unicode char U+043D (decimal 1085)
   defining Unicode char U+043E (decimal 1086)
   defining Unicode char U+043F (decimal 1087)
   defining Unicode char U+0440 (decimal 1088)
   defining Unicode char U+0441 (decimal 1089)
   defining Unicode char U+0442 (decimal 1090)
   defining Unicode char U+0443 (decimal 1091)
   defining Unicode char U+0444 (decimal 1092)
   defining Unicode char U+0445 (decimal 1093)
   defining Unicode char U+0446 (decimal 1094)
   defining Unicode char U+0447 (decimal 1095)
   defining Unicode char U+0448 (decimal 1096)
   defining Unicode char U+0449 (decimal 1097)
   defining Unicode char U+044A (decimal 1098)
   defining Unicode char U+044B (decimal 1099)
   defining Unicode char U+044C (decimal 1100)
   defining Unicode char U+044D (decimal 1101)
   defining Unicode char U+044E (decimal 1102)
   defining Unicode char U+044F (decimal 1103)
   defining Unicode char U+0450 (decimal 1104)
   defining Unicode char U+0451 (decimal 1105)
   defining Unicode char U+0452 (decimal 1106)
   defining Unicode char U+0453 (decimal 1107)
   defining Unicode char U+0454 (decimal 1108)
   defining Unicode char U+0455 (decimal 1109)
   defining Unicode char U+0456 (decimal 1110)
   defining Unicode char U+0457 (decimal 1111)
   defining Unicode char U+0458 (decimal 1112)
   defining Unicode char U+0459 (decimal 1113)
   defining Unicode char U+045A (decimal 1114)
   defining Unicode char U+045B (decimal 1115)
   defining Unicode char U+045C (decimal 1116)
   defining Unicode char U+045D (decimal 1117)
   defining Unicode char U+045E (decimal 1118)
   defining Unicode char U+045F (decimal 1119)
   defining Unicode char U+0490 (decimal 1168)
   defining Unicode char U+0491 (decimal 1169)
   defining Unicode char U+0492 (decimal 1170)
   defining Unicode char U+0493 (decimal 1171)
   defining Unicode char U+0496 (decimal 1174)
   defining Unicode char U+0497 (decimal 1175)
   defining Unicode char U+0498 (decimal 1176)
   defining Unicode char U+0499 (decimal 1177)
   defining Unicode char U+049A (decimal 1178)
   defining Unicode char U+049B (decimal 1179)
   defining Unicode char U+049C (decimal 1180)
   defining Unicode char U+049D (decimal 1181)
   defining Unicode char U+04A0 (decimal 1184)
   defining Unicode char U+04A1 (decimal 1185)
   defining Unicode char U+04A2 (decimal 1186)
   defining Unicode char U+04A3 (decimal 1187)
   defining Unicode char U+04A4 (decimal 1188)
   defining Unicode char U+04A5 (decimal 1189)
   defining Unicode char U+04AA (decimal 1194)
   defining Unicode char U+04AB (decimal 1195)
   defining Unicode char U+04AE (decimal 1198)
   defining Unicode char U+04AF (decimal 1199)
   defining Unicode char U+04B0 (decimal 1200)
   defining Unicode char U+04B1 (decimal 1201)
   defining Unicode char U+04B2 (decimal 1202)
   defining Unicode char U+04B3 (decimal 1203)
   defining Unicode char U+04B6 (decimal 1206)
   defining Unicode char U+04B7 (decimal 1207)
   defining Unicode char U+04B8 (decimal 1208)
   defining Unicode char U+04B9 (decimal 1209)
   defining Unicode char U+04BA (decimal 1210)
   defining Unicode char U+04BB (decimal 1211)
   defining Unicode char U+04C0 (decimal 1216)
   defining Unicode char U+04C1 (decimal 1217)
   defining Unicode char U+04C2 (decimal 1218)
   defining Unicode char U+04D0 (decimal 1232)
   defining Unicode char U+04D1 (decimal 1233)
   defining Unicode char U+04D2 (decimal 1234)
   defining Unicode char U+04D3 (decimal 1235)
   defining Unicode char U+04D4 (decimal 1236)
   defining Unicode char U+04D5 (decimal 1237)
   defining Unicode char U+04D6 (decimal 1238)
   defining Unicode char U+04D7 (decimal 1239)
   defining Unicode char U+04D8 (decimal 1240)
   defining Unicode char U+04D9 (decimal 1241)
   defining Unicode char U+04DA (decimal 1242)
   defining Unicode char U+04DB (decimal 1243)
   defining Unicode char U+04DC (decimal 1244)
   defining Unicode char U+04DD (decimal 1245)
   defining Unicode char U+04DE (decimal 1246)
   defining Unicode char U+04DF (decimal 1247)
   defining Unicode char U+04E2 (decimal 1250)
   defining Unicode char U+04E3 (decimal 1251)
   defining Unicode char U+04E4 (decimal 1252)
   defining Unicode char U+04E5 (decimal 1253)
   defining Unicode char U+04E6 (decimal 1254)
   defining Unicode char U+04E7 (decimal 1255)
   defining Unicode char U+04E8 (decimal 1256)
   defining Unicode char U+04E9 (decimal 1257)
   defining Unicode char U+04EC (decimal 1260)
   defining Unicode char U+04ED (decimal 1261)
   defining Unicode char U+04EE (decimal 1262)
   defining Unicode char U+04EF (decimal 1263)
   defining Unicode char U+04F0 (decimal 1264)
   defining Unicode char U+04F1 (decimal 1265)
   defining Unicode char U+04F2 (decimal 1266)
   defining Unicode char U+04F3 (decimal 1267)
   defining Unicode char U+04F4 (decimal 1268)
   defining Unicode char U+04F5 (decimal 1269)
   defining Unicode char U+04F8 (decimal 1272)
   defining Unicode char U+04F9 (decimal 1273)
   defining Unicode char U+200C (decimal 8204)
   defining Unicode char U+2013 (decimal 8211)
   defining Unicode char U+2014 (decimal 8212)
   defining Unicode char U+2018 (decimal 8216)
   defining Unicode char U+2019 (decimal 8217)
   defining Unicode char U+201C (decimal 8220)
   defining Unicode char U+201D (decimal 8221)
   defining Unicode char U+201E (decimal 8222)
   defining Unicode char U+2030 (decimal 8240)
   defining Unicode char U+2031 (decimal 8241)
   defining Unicode char U+2116 (decimal 8470)
   defining Unicode char U+2329 (decimal 9001)
   defining Unicode char U+232A (decimal 9002)
   defining Unicode char U+2423 (decimal 9251)
   defining Unicode char U+27E8 (decimal 10216)
   defining Unicode char U+27E9 (decimal 10217)
   defining Unicode char U+FB00 (decimal 64256)
   defining Unicode char U+FB01 (decimal 64257)
   defining Unicode char U+FB02 (decimal 64258)
   defining Unicode char U+FB03 (decimal 64259)
   defining Unicode char U+FB04 (decimal 64260)
   defining Unicode char U+FB05 (decimal 64261)
   defining Unicode char U+FB06 (decimal 64262)
))
LaTeX Font Info:    Trying to load font information for T2A+cmr on input line 1
05.
 ("C:\Users\Alex\AppData\Local\Programs\MiKTeX 2.9\tex/latex/cyrillic\t2acmr.fd
"
File: t2acmr.fd 2001/08/11 v1.0a Computer Modern Cyrillic font definitions
))
("C:\Users\Alex\AppData\Local\Programs\MiKTeX 2.9\tex/generic/babel\babel.sty"
Package: babel 2019/11/14 3.36 The Babel package

("C:\Users\Alex\AppData\Local\Programs\MiKTeX 2.9\tex/generic/babel\switch.def"
File: switch.def 2019/11/14 3.36 Babel switching mechanism
)
*************************************
* Local config file bblopts.cfg used
*
("C:\Users\Alex\AppData\Local\Programs\MiKTeX 2.9\tex/latex/arabi\bblopts.cfg"
File: bblopts.cfg 2005/09/08 v0.1 add Arabic and Farsi to "declared" options of
 babel
)
("C:\Users\Alex\AppData\Local\Programs\MiKTeX 2.9\tex/latex/babel-english\engli
sh.ldf"
Language: english 2017/06/06 v3.3r English support from the babel system

("C:\Users\Alex\AppData\Local\Programs\MiKTeX 2.9\tex/generic/babel\babel.def"
File: babel.def 2019/11/14 3.36 Babel common definitions
\babel@savecnt=\count91
\U@D=\dimen112

("C:\Users\Alex\AppData\Local\Programs\MiKTeX 2.9\tex/generic/babel\txtbabel.de
f")
\bbl@dirlevel=\count92
)
Package babel Info: \l@canadian = using hyphenrules for english
(babel)             (\language0) on input line 102.
Package babel Info: \l@australian = using hyphenrules for ukenglish
(babel)             (\language72) on input line 105.
Package babel Info: \l@newzealand = using hyphenrules for ukenglish
(babel)             (\language72) on input line 108.
)
("C:\Users\Alex\AppData\Local\Programs\MiKTeX 2.9\tex/latex/babel-russian\russi
anb.ldf"
Language: russian 2017/08/12 1.3j Russian support for the Babel system
Package babel Info: Making " an active character on input line 120.
Package babel Info: Default for \cyrdash is provided on input line 157.
))
("C:\Users\Alex\AppData\Local\Programs\MiKTeX 2.9\tex/latex/amsfonts\amssymb.st
y"
Package: amssymb 2013/01/14 v3.01 AMS font symbols

("C:\Users\Alex\AppData\Local\Programs\MiKTeX 2.9\tex/latex/amsfonts\amsfonts.s
ty"
Package: amsfonts 2013/01/14 v3.01 Basic AMSFonts support
\@emptytoks=\toks18
\symAMSa=\mathgroup4
\symAMSb=\mathgroup5
LaTeX Font Info:    Redeclaring math symbol \hbar on input line 98.
LaTeX Font Info:    Overwriting math alphabet `\mathfrak' in version `bold'
(Font)                  U/euf/m/n --> U/euf/b/n on input line 106.
))
("C:\Users\Alex\AppData\Local\Programs\MiKTeX 2.9\tex/latex/amsmath\amsmath.sty
"
Package: amsmath 2019/11/16 v2.17d AMS math features
\@mathmargin=\skip43

For additional information on amsmath, use the `?' option.
("C:\Users\Alex\AppData\Local\Programs\MiKTeX 2.9\tex/latex/amsmath\amstext.sty
"
Package: amstext 2000/06/29 v2.01 AMS text
 ("C:\Users\Alex\AppData\Local\Programs\MiKTeX 2.9\tex/latex/amsmath\amsgen.sty
"
File: amsgen.sty 1999/11/30 v2.0 generic functions
\@emptytoks=\toks19
\ex@=\dimen113
))
("C:\Users\Alex\AppData\Local\Programs\MiKTeX 2.9\tex/latex/amsmath\amsbsy.sty"
Package: amsbsy 1999/11/29 v1.2d Bold Symbols
\pmbraise@=\dimen114
) ("C:\Users\Alex\AppData\Local\Programs\MiKTeX 2.9\tex/latex/amsmath\amsopn.st
y"
Package: amsopn 2016/03/08 v2.02 operator names
)
\inf@bad=\count93
LaTeX Info: Redefining \frac on input line 227.
\uproot@=\count94
\leftroot@=\count95
LaTeX Info: Redefining \overline on input line 389.
\classnum@=\count96
\DOTSCASE@=\count97
LaTeX Info: Redefining \ldots on input line 486.
LaTeX Info: Redefining \dots on input line 489.
LaTeX Info: Redefining \cdots on input line 610.
\Mathstrutbox@=\box27
\strutbox@=\box28
\big@size=\dimen115
LaTeX Font Info:    Redeclaring font encoding OML on input line 733.
LaTeX Font Info:    Redeclaring font encoding OMS on input line 734.
\macc@depth=\count98
\c@MaxMatrixCols=\count99
\dotsspace@=\muskip10
\c@parentequation=\count100
\dspbrk@lvl=\count101
\tag@help=\toks20
\row@=\count102
\column@=\count103
\maxfields@=\count104
\andhelp@=\toks21
\eqnshift@=\dimen116
\alignsep@=\dimen117
\tagshift@=\dimen118
\tagwidth@=\dimen119
\totwidth@=\dimen120
\lineht@=\dimen121
\@envbody=\toks22
\multlinegap=\skip44
\multlinetaggap=\skip45
\mathdisplay@stack=\toks23
LaTeX Info: Redefining \[ on input line 2858.
LaTeX Info: Redefining \] on input line 2859.
)
("C:\Users\Alex\AppData\Local\Programs\MiKTeX 2.9\tex/latex/amscls\amsthm.sty"
Package: amsthm 2017/10/31 v2.20.4
\thm@style=\toks24
\thm@bodyfont=\toks25
\thm@headfont=\toks26
\thm@notefont=\toks27
\thm@headpunct=\toks28
\thm@preskip=\skip46
\thm@postskip=\skip47
\thm@headsep=\skip48
\dth@everypar=\toks29
)
("C:\Users\Alex\AppData\Local\Programs\MiKTeX 2.9\tex/latex/setspace\setspace.s
ty"
Package: setspace 2011/12/19 v6.7a set line spacing
)
("C:\Users\Alex\AppData\Local\Programs\MiKTeX 2.9\tex/latex/tools\indentfirst.s
ty"
Package: indentfirst 1995/11/23 v1.03 Indent first paragraph (DPC)
)
("C:\Users\Alex\AppData\Local\Programs\MiKTeX 2.9\tex/latex/tocloft\tocloft.sty
"
Package: tocloft 2017/08/31 v2.3i parameterised ToC, etc., typesetting
Package tocloft Info: The document has section divisions on input line 51.
\cftparskip=\skip49
\cftbeforetoctitleskip=\skip50
\cftaftertoctitleskip=\skip51
\cftbeforepartskip=\skip52
\cftpartnumwidth=\skip53
\cftpartindent=\skip54
\cftbeforesecskip=\skip55
\cftsecindent=\skip56
\cftsecnumwidth=\skip57
\cftbeforesubsecskip=\skip58
\cftsubsecindent=\skip59
\cftsubsecnumwidth=\skip60
\cftbeforesubsubsecskip=\skip61
\cftsubsubsecindent=\skip62
\cftsubsubsecnumwidth=\skip63
\cftbeforeparaskip=\skip64
\cftparaindent=\skip65
\cftparanumwidth=\skip66
\cftbeforesubparaskip=\skip67
\cftsubparaindent=\skip68
\cftsubparanumwidth=\skip69
\cftbeforeloftitleskip=\skip70
\cftafterloftitleskip=\skip71
\cftbeforefigskip=\skip72
\cftfigindent=\skip73
\cftfignumwidth=\skip74
\c@lofdepth=\count105
\c@lotdepth=\count106
\cftbeforelottitleskip=\skip75
\cftafterlottitleskip=\skip76
\cftbeforetabskip=\skip77
\cfttabindent=\skip78
\cfttabnumwidth=\skip79
)
("C:\Users\Alex\AppData\Local\Programs\MiKTeX 2.9\tex/latex/titlesec\titlesec.s
ty"
Package: titlesec 2019/10/16 v2.13 Sectioning titles
\ttl@box=\box29
\beforetitleunit=\skip80
\aftertitleunit=\skip81
\ttl@plus=\dimen122
\ttl@minus=\dimen123
\ttl@toksa=\toks30
\titlewidth=\dimen124
\titlewidthlast=\dimen125
\titlewidthfirst=\dimen126
)
\mylength=\skip82

("C:\Users\Alex\AppData\Local\Programs\MiKTeX 2.9\tex/latex/caption\caption.sty
"
Package: caption 2019/10/18 v3.4a Customizing captions (AR)

("C:\Users\Alex\AppData\Local\Programs\MiKTeX 2.9\tex/latex/caption\caption3.st
y"
Package: caption3 2019/09/09 v1.8e caption3 kernel (AR)
Package caption3 Info: TeX engine: e-TeX on input line 64.
\captionmargin=\dimen127
\captionmargin@=\dimen128
\captionwidth=\dimen129
\caption@tempdima=\dimen130
\caption@indent=\dimen131
\caption@parindent=\dimen132
\caption@hangindent=\dimen133
Package caption Info: Standard document class detected.
)
\c@caption@flags=\count107
\c@continuedfloat=\count108
)
("C:\Users\Alex\AppData\Local\Programs\MiKTeX 2.9\tex/latex/import\import.sty"
Package: import 2020/01/22  v 6.0
)
("C:\Users\Alex\AppData\Local\Programs\MiKTeX 2.9\tex/latex/hyperref\hyperref.s
ty"
Package: hyperref 2019/11/10 v7.00c Hypertext links for LaTeX

("C:\Users\Alex\AppData\Local\Programs\MiKTeX 2.9\tex/generic/oberdiek\ltxcmds.
sty"
Package: ltxcmds 2016/05/16 v1.23 LaTeX kernel commands for general use (HO)
)
("C:\Users\Alex\AppData\Local\Programs\MiKTeX 2.9\tex/latex/pdftexcmds\pdftexcm
ds.sty"
Package: pdftexcmds 2019/11/24 v0.31 Utility functions of pdfTeX for LuaTeX (HO
)

("C:\Users\Alex\AppData\Local\Programs\MiKTeX 2.9\tex/generic/oberdiek\infwarer
r.sty"
Package: infwarerr 2016/05/16 v1.4 Providing info/warning/error messages (HO)
)
Package pdftexcmds Info: \pdf@primitive is available.
Package pdftexcmds Info: \pdf@ifprimitive is available.
Package pdftexcmds Info: \pdfdraftmode found.
)
("C:\Users\Alex\AppData\Local\Programs\MiKTeX 2.9\tex/generic/oberdiek\kvsetkey
s.sty"
Package: kvsetkeys 2016/05/16 v1.17 Key value parser (HO)

("C:\Users\Alex\AppData\Local\Programs\MiKTeX 2.9\tex/generic/oberdiek\etexcmds
.sty"
Package: etexcmds 2016/05/16 v1.6 Avoid name clashes with e-TeX commands (HO)

("C:\Users\Alex\AppData\Local\Programs\MiKTeX 2.9\tex/generic/iftex\ifluatex.st
y"
Package: ifluatex 2019/10/25 v1.5 ifluatex legacy package. Use iftex instead.
)))
("C:\Users\Alex\AppData\Local\Programs\MiKTeX 2.9\tex/generic/oberdiek\kvdefine
keys.sty"
Package: kvdefinekeys 2016/05/16 v1.4 Define keys (HO)
)
("C:\Users\Alex\AppData\Local\Programs\MiKTeX 2.9\tex/generic/oberdiek\pdfescap
e.sty"
Package: pdfescape 2016/05/16 v1.14 Implements pdfTeX's escape features (HO)
)
("C:\Users\Alex\AppData\Local\Programs\MiKTeX 2.9\tex/latex/oberdiek\hycolor.st
y"
Package: hycolor 2016/05/16 v1.8 Color options for hyperref/bookmark (HO)

("C:\Users\Alex\AppData\Local\Programs\MiKTeX 2.9\tex/latex/oberdiek\xcolor-pat
ch.sty"
Package: xcolor-patch 2016/05/16 xcolor patch

("C:\Users\Alex\AppData\Local\Programs\MiKTeX 2.9\tex/latex/oberdiek\hopatch.st
y"
Package: hopatch 2016/05/16 v1.3 Wrapper for package hooks (HO)
)))
("C:\Users\Alex\AppData\Local\Programs\MiKTeX 2.9\tex/latex/oberdiek\letltxmacr
o.sty"
Package: letltxmacro 2016/05/16 v1.5 Let assignment for LaTeX macros (HO)
)
("C:\Users\Alex\AppData\Local\Programs\MiKTeX 2.9\tex/latex/oberdiek\auxhook.st
y"
Package: auxhook 2016/05/16 v1.4 Hooks for auxiliary files (HO)
)
("C:\Users\Alex\AppData\Local\Programs\MiKTeX 2.9\tex/latex/oberdiek\kvoptions.
sty"
Package: kvoptions 2016/05/16 v3.12 Key value format for package options (HO)
)
\@linkdim=\dimen134
\Hy@linkcounter=\count109
\Hy@pagecounter=\count110

("C:\Users\Alex\AppData\Local\Programs\MiKTeX 2.9\tex/latex/hyperref\pd1enc.def
"
File: pd1enc.def 2019/11/10 v7.00c Hyperref: PDFDocEncoding definition (HO)
Now handling font encoding PD1 ...
... no UTF-8 mapping file for font encoding PD1
)
("C:\Users\Alex\AppData\Local\Programs\MiKTeX 2.9\tex/generic/oberdiek\intcalc.
sty"
Package: intcalc 2016/05/16 v1.2 Expandable calculations with integers (HO)
)
\Hy@SavedSpaceFactor=\count111
Package hyperref Info: Option `unicode' set `true' on input line 3490.

("C:\Users\Alex\AppData\Local\Programs\MiKTeX 2.9\tex/latex/hyperref\puenc.def"
File: puenc.def 2019/11/10 v7.00c Hyperref: PDF Unicode definition (HO)
Now handling font encoding PU ...
... no UTF-8 mapping file for font encoding PU
)
("C:\Users\Alex\AppData\Local\Programs\MiKTeX 2.9\tex/latex/00miktex\hyperref.c
fg"
File: hyperref.cfg 2002/06/06 v1.2 hyperref configuration of TeXLive
)
Package hyperref Info: Option `colorlinks' set `false' on input line 4409.
Package hyperref Info: Option `unicode' set `true' on input line 4409.
Package hyperref Info: Hyper figures OFF on input line 4535.
Package hyperref Info: Link nesting OFF on input line 4540.
Package hyperref Info: Hyper index ON on input line 4543.
Package hyperref Info: Plain pages OFF on input line 4550.
Package hyperref Info: Backreferencing OFF on input line 4555.
Package hyperref Info: Implicit mode ON; LaTeX internals redefined.
Package hyperref Info: Bookmarks ON on input line 4788.
\c@Hy@tempcnt=\count112
 ("C:\Users\Alex\AppData\Local\Programs\MiKTeX 2.9\tex/latex/url\url.sty"
\Urlmuskip=\muskip11
Package: url 2013/09/16  ver 3.4  Verb mode for urls, etc.
)
LaTeX Info: Redefining \url on input line 5147.
\XeTeXLinkMargin=\dimen135

("C:\Users\Alex\AppData\Local\Programs\MiKTeX 2.9\tex/generic/oberdiek\bitset.s
ty"
Package: bitset 2016/05/16 v1.2 Handle bit-vector datatype (HO)

("C:\Users\Alex\AppData\Local\Programs\MiKTeX 2.9\tex/generic/oberdiek\bigintca
lc.sty"
Package: bigintcalc 2016/05/16 v1.4 Expandable calculations on big integers (HO
)
))
\Fld@menulength=\count113
\Field@Width=\dimen136
\Fld@charsize=\dimen137
Package hyperref Info: Hyper figures OFF on input line 6418.
Package hyperref Info: Link nesting OFF on input line 6423.
Package hyperref Info: Hyper index ON on input line 6426.
Package hyperref Info: backreferencing OFF on input line 6433.
Package hyperref Info: Link coloring OFF on input line 6438.
Package hyperref Info: Link coloring with OCG OFF on input line 6443.
Package hyperref Info: PDF/A mode OFF on input line 6448.
LaTeX Info: Redefining \ref on input line 6488.
LaTeX Info: Redefining \pageref on input line 6492.

("C:\Users\Alex\AppData\Local\Programs\MiKTeX 2.9\tex/generic/oberdiek\atbegshi
.sty"
Package: atbegshi 2016/06/09 v1.18 At begin shipout hook (HO)
)
\Hy@abspage=\count114
\c@Item=\count115
\c@Hfootnote=\count116
)
Package hyperref Info: Driver (autodetected): hpdftex.

("C:\Users\Alex\AppData\Local\Programs\MiKTeX 2.9\tex/latex/hyperref\hpdftex.de
f"
File: hpdftex.def 2019/11/10 v7.00c Hyperref driver for pdfTeX

("C:\Users\Alex\AppData\Local\Programs\MiKTeX 2.9\tex/latex/oberdiek\atveryend.
sty"
Package: atveryend 2016/05/16 v1.9 Hooks at the very end of document (HO)
Package atveryend Info: \enddocument detected (standard20110627).
)
\Fld@listcount=\count117
\c@bookmark@seq@number=\count118

("C:\Users\Alex\AppData\Local\Programs\MiKTeX 2.9\tex/latex/oberdiek\rerunfilec
heck.sty"
Package: rerunfilecheck 2016/05/16 v1.8 Rerun checks for auxiliary files (HO)

("C:\Users\Alex\AppData\Local\Programs\MiKTeX 2.9\tex/generic/oberdiek\uniqueco
unter.sty"
Package: uniquecounter 2016/05/16 v1.3 Provide unlimited unique counter (HO)
)
Package uniquecounter Info: New unique counter `rerunfilecheck' on input line 2
85.
)
\Hy@SectionHShift=\skip83
)
\c@definition=\count119
\c@theorem=\count120
)
("C:\Users\Alex\AppData\Local\Programs\MiKTeX 2.9\tex/latex/graphics\graphicx.s
ty"
Package: graphicx 2017/06/01 v1.1a Enhanced LaTeX Graphics (DPC,SPQR)

("C:\Users\Alex\AppData\Local\Programs\MiKTeX 2.9\tex/latex/graphics\graphics.s
ty"
Package: graphics 2019/11/01 v1.3d Standard LaTeX Graphics (DPC,SPQR)

("C:\Users\Alex\AppData\Local\Programs\MiKTeX 2.9\tex/latex/graphics\trig.sty"
Package: trig 2016/01/03 v1.10 sin cos tan (DPC)
)
("C:\Users\Alex\AppData\Local\Programs\MiKTeX 2.9\tex/latex/graphics-cfg\graphi
cs.cfg"
File: graphics.cfg 2016/06/04 v1.11 sample graphics configuration
)
Package graphics Info: Driver file: pdftex.def on input line 105.

("C:\Users\Alex\AppData\Local\Programs\MiKTeX 2.9\tex/latex/graphics-def\pdftex
.def"
File: pdftex.def 2018/01/08 v1.0l Graphics/color driver for pdftex
))
\Gin@req@height=\dimen138
\Gin@req@width=\dimen139
)
("C:\Users\Alex\AppData\Local\Programs\MiKTeX 2.9\tex/latex/float\float.sty"
Package: float 2001/11/08 v1.3d Float enhancements (AL)
\c@float@type=\count121
\float@exts=\toks31
\float@box=\box30
\@float@everytoks=\toks32
\@floatcapt=\box31
)
("C:\Users\Alex\AppData\Local\Programs\MiKTeX 2.9\tex/latex/base\textcomp.sty"
Package: textcomp 2018/08/11 v2.0j Standard LaTeX package
Package textcomp Info: Sub-encoding information:
(textcomp)               5 = only ISO-Adobe without \textcurrency
(textcomp)               4 = 5 + \texteuro
(textcomp)               3 = 4 + \textohm
(textcomp)               2 = 3 + \textestimated + \textcurrency
(textcomp)               1 = TS1 - \textcircled - \t
(textcomp)               0 = TS1 (full)
(textcomp)             Font families with sub-encoding setting implement
(textcomp)             only a restricted character set as indicated.
(textcomp)             Family '?' is the default used for unknown fonts.
(textcomp)             See the documentation for details.
Package textcomp Info: Setting ? sub-encoding to TS1/1 on input line 79.

("C:\Users\Alex\AppData\Local\Programs\MiKTeX 2.9\tex/latex/base\ts1enc.def"
File: ts1enc.def 2001/06/05 v3.0e (jk/car/fm) Standard LaTeX file
Now handling font encoding TS1 ...
... processing UTF-8 mapping file for font encoding TS1

("C:\Users\Alex\AppData\Local\Programs\MiKTeX 2.9\tex/latex/base\ts1enc.dfu"
File: ts1enc.dfu 2019/07/11 v1.2j UTF-8 support for inputenc
   defining Unicode char U+00A2 (decimal 162)
   defining Unicode char U+00A3 (decimal 163)
   defining Unicode char U+00A4 (decimal 164)
   defining Unicode char U+00A5 (decimal 165)
   defining Unicode char U+00A6 (decimal 166)
   defining Unicode char U+00A7 (decimal 167)
   defining Unicode char U+00A8 (decimal 168)
   defining Unicode char U+00A9 (decimal 169)
   defining Unicode char U+00AA (decimal 170)
   defining Unicode char U+00AC (decimal 172)
   defining Unicode char U+00AE (decimal 174)
   defining Unicode char U+00AF (decimal 175)
   defining Unicode char U+00B0 (decimal 176)
   defining Unicode char U+00B1 (decimal 177)
   defining Unicode char U+00B2 (decimal 178)
   defining Unicode char U+00B3 (decimal 179)
   defining Unicode char U+00B4 (decimal 180)
   defining Unicode char U+00B5 (decimal 181)
   defining Unicode char U+00B6 (decimal 182)
   defining Unicode char U+00B7 (decimal 183)
   defining Unicode char U+00B9 (decimal 185)
   defining Unicode char U+00BA (decimal 186)
   defining Unicode char U+00BC (decimal 188)
   defining Unicode char U+00BD (decimal 189)
   defining Unicode char U+00BE (decimal 190)
   defining Unicode char U+00D7 (decimal 215)
   defining Unicode char U+00F7 (decimal 247)
   defining Unicode char U+0192 (decimal 402)
   defining Unicode char U+02C7 (decimal 711)
   defining Unicode char U+02D8 (decimal 728)
   defining Unicode char U+02DD (decimal 733)
   defining Unicode char U+0E3F (decimal 3647)
   defining Unicode char U+2016 (decimal 8214)
   defining Unicode char U+2020 (decimal 8224)
   defining Unicode char U+2021 (decimal 8225)
   defining Unicode char U+2022 (decimal 8226)
   defining Unicode char U+2030 (decimal 8240)
   defining Unicode char U+2031 (decimal 8241)
   defining Unicode char U+203B (decimal 8251)
   defining Unicode char U+203D (decimal 8253)
   defining Unicode char U+2044 (decimal 8260)
   defining Unicode char U+204E (decimal 8270)
   defining Unicode char U+2052 (decimal 8274)
   defining Unicode char U+20A1 (decimal 8353)
   defining Unicode char U+20A4 (decimal 8356)
   defining Unicode char U+20A6 (decimal 8358)
   defining Unicode char U+20A9 (decimal 8361)
   defining Unicode char U+20AB (decimal 8363)
   defining Unicode char U+20AC (decimal 8364)
   defining Unicode char U+20B1 (decimal 8369)
   defining Unicode char U+2103 (decimal 8451)
   defining Unicode char U+2116 (decimal 8470)
   defining Unicode char U+2117 (decimal 8471)
   defining Unicode char U+211E (decimal 8478)
   defining Unicode char U+2120 (decimal 8480)
   defining Unicode char U+2122 (decimal 8482)
   defining Unicode char U+2126 (decimal 8486)
   defining Unicode char U+2127 (decimal 8487)
   defining Unicode char U+212E (decimal 8494)
   defining Unicode char U+2190 (decimal 8592)
   defining Unicode char U+2191 (decimal 8593)
   defining Unicode char U+2192 (decimal 8594)
   defining Unicode char U+2193 (decimal 8595)
   defining Unicode char U+2329 (decimal 9001)
   defining Unicode char U+232A (decimal 9002)
   defining Unicode char U+2422 (decimal 9250)
   defining Unicode char U+25E6 (decimal 9702)
   defining Unicode char U+25EF (decimal 9711)
   defining Unicode char U+266A (decimal 9834)
   defining Unicode char U+27E8 (decimal 10216)
   defining Unicode char U+27E9 (decimal 10217)
   defining Unicode char U+FEFF (decimal 65279)
))
LaTeX Info: Redefining \oldstylenums on input line 334.
Package textcomp Info: Setting cmr sub-encoding to TS1/0 on input line 349.
Package textcomp Info: Setting cmss sub-encoding to TS1/0 on input line 350.
Package textcomp Info: Setting cmtt sub-encoding to TS1/0 on input line 351.
Package textcomp Info: Setting cmvtt sub-encoding to TS1/0 on input line 352.
Package textcomp Info: Setting cmbr sub-encoding to TS1/0 on input line 353.
Package textcomp Info: Setting cmtl sub-encoding to TS1/0 on input line 354.
Package textcomp Info: Setting ccr sub-encoding to TS1/0 on input line 355.
Package textcomp Info: Setting ptm sub-encoding to TS1/4 on input line 356.
Package textcomp Info: Setting pcr sub-encoding to TS1/4 on input line 357.
Package textcomp Info: Setting phv sub-encoding to TS1/4 on input line 358.
Package textcomp Info: Setting ppl sub-encoding to TS1/3 on input line 359.
Package textcomp Info: Setting pag sub-encoding to TS1/4 on input line 360.
Package textcomp Info: Setting pbk sub-encoding to TS1/4 on input line 361.
Package textcomp Info: Setting pnc sub-encoding to TS1/4 on input line 362.
Package textcomp Info: Setting pzc sub-encoding to TS1/4 on input line 363.
Package textcomp Info: Setting bch sub-encoding to TS1/4 on input line 364.
Package textcomp Info: Setting put sub-encoding to TS1/5 on input line 365.
Package textcomp Info: Setting uag sub-encoding to TS1/5 on input line 366.
Package textcomp Info: Setting ugq sub-encoding to TS1/5 on input line 367.
Package textcomp Info: Setting ul8 sub-encoding to TS1/4 on input line 368.
Package textcomp Info: Setting ul9 sub-encoding to TS1/4 on input line 369.
Package textcomp Info: Setting augie sub-encoding to TS1/5 on input line 370.
Package textcomp Info: Setting dayrom sub-encoding to TS1/3 on input line 371.
Package textcomp Info: Setting dayroms sub-encoding to TS1/3 on input line 372.

Package textcomp Info: Setting pxr sub-encoding to TS1/0 on input line 373.
Package textcomp Info: Setting pxss sub-encoding to TS1/0 on input line 374.
Package textcomp Info: Setting pxtt sub-encoding to TS1/0 on input line 375.
Package textcomp Info: Setting txr sub-encoding to TS1/0 on input line 376.
Package textcomp Info: Setting txss sub-encoding to TS1/0 on input line 377.
Package textcomp Info: Setting txtt sub-encoding to TS1/0 on input line 378.
Package textcomp Info: Setting lmr sub-encoding to TS1/0 on input line 379.
Package textcomp Info: Setting lmdh sub-encoding to TS1/0 on input line 380.
Package textcomp Info: Setting lmss sub-encoding to TS1/0 on input line 381.
Package textcomp Info: Setting lmssq sub-encoding to TS1/0 on input line 382.
Package textcomp Info: Setting lmvtt sub-encoding to TS1/0 on input line 383.
Package textcomp Info: Setting lmtt sub-encoding to TS1/0 on input line 384.
Package textcomp Info: Setting qhv sub-encoding to TS1/0 on input line 385.
Package textcomp Info: Setting qag sub-encoding to TS1/0 on input line 386.
Package textcomp Info: Setting qbk sub-encoding to TS1/0 on input line 387.
Package textcomp Info: Setting qcr sub-encoding to TS1/0 on input line 388.
Package textcomp Info: Setting qcs sub-encoding to TS1/0 on input line 389.
Package textcomp Info: Setting qpl sub-encoding to TS1/0 on input line 390.
Package textcomp Info: Setting qtm sub-encoding to TS1/0 on input line 391.
Package textcomp Info: Setting qzc sub-encoding to TS1/0 on input line 392.
Package textcomp Info: Setting qhvc sub-encoding to TS1/0 on input line 393.
Package textcomp Info: Setting futs sub-encoding to TS1/4 on input line 394.
Package textcomp Info: Setting futx sub-encoding to TS1/4 on input line 395.
Package textcomp Info: Setting futj sub-encoding to TS1/4 on input line 396.
Package textcomp Info: Setting hlh sub-encoding to TS1/3 on input line 397.
Package textcomp Info: Setting hls sub-encoding to TS1/3 on input line 398.
Package textcomp Info: Setting hlst sub-encoding to TS1/3 on input line 399.
Package textcomp Info: Setting hlct sub-encoding to TS1/5 on input line 400.
Package textcomp Info: Setting hlx sub-encoding to TS1/5 on input line 401.
Package textcomp Info: Setting hlce sub-encoding to TS1/5 on input line 402.
Package textcomp Info: Setting hlcn sub-encoding to TS1/5 on input line 403.
Package textcomp Info: Setting hlcw sub-encoding to TS1/5 on input line 404.
Package textcomp Info: Setting hlcf sub-encoding to TS1/5 on input line 405.
Package textcomp Info: Setting pplx sub-encoding to TS1/3 on input line 406.
Package textcomp Info: Setting pplj sub-encoding to TS1/3 on input line 407.
Package textcomp Info: Setting ptmx sub-encoding to TS1/4 on input line 408.
Package textcomp Info: Setting ptmj sub-encoding to TS1/4 on input line 409.
)
("C:\Users\Alex\AppData\Local\Programs\MiKTeX 2.9\tex/latex/caption\subcaption.
sty"
Package: subcaption 2019/09/01 v1.3a Sub-captions (AR)
\c@subfigure=\count122
\c@subtable=\count123
)
("C:\Users\Alex\AppData\Local\Programs\MiKTeX 2.9\tex/latex/pgf/frontendlayer\t
ikz.sty"
("C:\Users\Alex\AppData\Local\Programs\MiKTeX 2.9\tex/latex/pgf/basiclayer\pgf.
sty"
("C:\Users\Alex\AppData\Local\Programs\MiKTeX 2.9\tex/latex/pgf/utilities\pgfrc
s.sty"
("C:\Users\Alex\AppData\Local\Programs\MiKTeX 2.9\tex/generic/pgf/utilities\pgf
util-common.tex"
\pgfutil@everybye=\toks33
\pgfutil@tempdima=\dimen140
\pgfutil@tempdimb=\dimen141

("C:\Users\Alex\AppData\Local\Programs\MiKTeX 2.9\tex/generic/pgf/utilities\pgf
util-common-lists.tex"))
("C:\Users\Alex\AppData\Local\Programs\MiKTeX 2.9\tex/generic/pgf/utilities\pgf
util-latex.def"
\pgfutil@abb=\box32

("C:\Users\Alex\AppData\Local\Programs\MiKTeX 2.9\tex/latex/ms\everyshi.sty"
Package: everyshi 2001/05/15 v3.00 EveryShipout Package (MS)
))
("C:\Users\Alex\AppData\Local\Programs\MiKTeX 2.9\tex/generic/pgf/utilities\pgf
rcs.code.tex"
("C:\Users\Alex\AppData\Local\Programs\MiKTeX 2.9\tex/generic/pgf\pgf.revision.
tex")
Package: pgfrcs 2020/01/08 v3.1.5b (3.1.5b)
))
Package: pgf 2020/01/08 v3.1.5b (3.1.5b)

("C:\Users\Alex\AppData\Local\Programs\MiKTeX 2.9\tex/latex/pgf/basiclayer\pgfc
ore.sty"
("C:\Users\Alex\AppData\Local\Programs\MiKTeX 2.9\tex/latex/pgf/systemlayer\pgf
sys.sty"
("C:\Users\Alex\AppData\Local\Programs\MiKTeX 2.9\tex/generic/pgf/systemlayer\p
gfsys.code.tex"
Package: pgfsys 2020/01/08 v3.1.5b (3.1.5b)

("C:\Users\Alex\AppData\Local\Programs\MiKTeX 2.9\tex/generic/pgf/utilities\pgf
keys.code.tex"
\pgfkeys@pathtoks=\toks34
\pgfkeys@temptoks=\toks35

("C:\Users\Alex\AppData\Local\Programs\MiKTeX 2.9\tex/generic/pgf/utilities\pgf
keysfiltered.code.tex"
\pgfkeys@tmptoks=\toks36
))
\pgf@x=\dimen142
\pgf@y=\dimen143
\pgf@xa=\dimen144
\pgf@ya=\dimen145
\pgf@xb=\dimen146
\pgf@yb=\dimen147
\pgf@xc=\dimen148
\pgf@yc=\dimen149
\pgf@xd=\dimen150
\pgf@yd=\dimen151
\w@pgf@writea=\write3
\r@pgf@reada=\read1
\c@pgf@counta=\count124
\c@pgf@countb=\count125
\c@pgf@countc=\count126
\c@pgf@countd=\count127
\t@pgf@toka=\toks37
\t@pgf@tokb=\toks38
\t@pgf@tokc=\toks39
\pgf@sys@id@count=\count128

("C:\Users\Alex\AppData\Local\Programs\MiKTeX 2.9\tex/generic/pgf/systemlayer\p
gf.cfg"
File: pgf.cfg 2020/01/08 v3.1.5b (3.1.5b)
)
Driver file for pgf: pgfsys-pdftex.def

("C:\Users\Alex\AppData\Local\Programs\MiKTeX 2.9\tex/generic/pgf/systemlayer\p
gfsys-pdftex.def"
File: pgfsys-pdftex.def 2020/01/08 v3.1.5b (3.1.5b)

("C:\Users\Alex\AppData\Local\Programs\MiKTeX 2.9\tex/generic/pgf/systemlayer\p
gfsys-common-pdf.def"
File: pgfsys-common-pdf.def 2020/01/08 v3.1.5b (3.1.5b)
)))
("C:\Users\Alex\AppData\Local\Programs\MiKTeX 2.9\tex/generic/pgf/systemlayer\p
gfsyssoftpath.code.tex"
File: pgfsyssoftpath.code.tex 2020/01/08 v3.1.5b (3.1.5b)
\pgfsyssoftpath@smallbuffer@items=\count129
\pgfsyssoftpath@bigbuffer@items=\count130
)
("C:\Users\Alex\AppData\Local\Programs\MiKTeX 2.9\tex/generic/pgf/systemlayer\p
gfsysprotocol.code.tex"
File: pgfsysprotocol.code.tex 2020/01/08 v3.1.5b (3.1.5b)
))
("C:\Users\Alex\AppData\Local\Programs\MiKTeX 2.9\tex/latex/xcolor\xcolor.sty"
Package: xcolor 2016/05/11 v2.12 LaTeX color extensions (UK)

("C:\Users\Alex\AppData\Local\Programs\MiKTeX 2.9\tex/latex/graphics-cfg\color.
cfg"
File: color.cfg 2016/01/02 v1.6 sample color configuration
)
Package xcolor Info: Driver file: pdftex.def on input line 225.
Package xcolor Info: Model `cmy' substituted by `cmy0' on input line 1348.
Package xcolor Info: Model `hsb' substituted by `rgb' on input line 1352.
Package xcolor Info: Model `RGB' extended on input line 1364.
Package xcolor Info: Model `HTML' substituted by `rgb' on input line 1366.
Package xcolor Info: Model `Hsb' substituted by `hsb' on input line 1367.
Package xcolor Info: Model `tHsb' substituted by `hsb' on input line 1368.
Package xcolor Info: Model `HSB' substituted by `hsb' on input line 1369.
Package xcolor Info: Model `Gray' substituted by `gray' on input line 1370.
Package xcolor Info: Model `wave' substituted by `hsb' on input line 1371.
)
("C:\Users\Alex\AppData\Local\Programs\MiKTeX 2.9\tex/generic/pgf/basiclayer\pg
fcore.code.tex"
Package: pgfcore 2020/01/08 v3.1.5b (3.1.5b)

("C:\Users\Alex\AppData\Local\Programs\MiKTeX 2.9\tex/generic/pgf/math\pgfmath.
code.tex"
("C:\Users\Alex\AppData\Local\Programs\MiKTeX 2.9\tex/generic/pgf/math\pgfmathc
alc.code.tex"
("C:\Users\Alex\AppData\Local\Programs\MiKTeX 2.9\tex/generic/pgf/math\pgfmathu
til.code.tex")
("C:\Users\Alex\AppData\Local\Programs\MiKTeX 2.9\tex/generic/pgf/math\pgfmathp
arser.code.tex"
\pgfmath@dimen=\dimen152
\pgfmath@count=\count131
\pgfmath@box=\box33
\pgfmath@toks=\toks40
\pgfmath@stack@operand=\toks41
\pgfmath@stack@operation=\toks42
)
("C:\Users\Alex\AppData\Local\Programs\MiKTeX 2.9\tex/generic/pgf/math\pgfmathf
unctions.code.tex"
("C:\Users\Alex\AppData\Local\Programs\MiKTeX 2.9\tex/generic/pgf/math\pgfmathf
unctions.basic.code.tex")
("C:\Users\Alex\AppData\Local\Programs\MiKTeX 2.9\tex/generic/pgf/math\pgfmathf
unctions.trigonometric.code.tex")
("C:\Users\Alex\AppData\Local\Programs\MiKTeX 2.9\tex/generic/pgf/math\pgfmathf
unctions.random.code.tex")
("C:\Users\Alex\AppData\Local\Programs\MiKTeX 2.9\tex/generic/pgf/math\pgfmathf
unctions.comparison.code.tex")
("C:\Users\Alex\AppData\Local\Programs\MiKTeX 2.9\tex/generic/pgf/math\pgfmathf
unctions.base.code.tex")
("C:\Users\Alex\AppData\Local\Programs\MiKTeX 2.9\tex/generic/pgf/math\pgfmathf
unctions.round.code.tex")
("C:\Users\Alex\AppData\Local\Programs\MiKTeX 2.9\tex/generic/pgf/math\pgfmathf
unctions.misc.code.tex")
("C:\Users\Alex\AppData\Local\Programs\MiKTeX 2.9\tex/generic/pgf/math\pgfmathf
unctions.integerarithmetics.code.tex")))
("C:\Users\Alex\AppData\Local\Programs\MiKTeX 2.9\tex/generic/pgf/math\pgfmathf
loat.code.tex"
\c@pgfmathroundto@lastzeros=\count132
))
("C:\Users\Alex\AppData\Local\Programs\MiKTeX 2.9\tex/generic/pgf/math\pgfint.c
ode.tex")
("C:\Users\Alex\AppData\Local\Programs\MiKTeX 2.9\tex/generic/pgf/basiclayer\pg
fcorepoints.code.tex"
File: pgfcorepoints.code.tex 2020/01/08 v3.1.5b (3.1.5b)
\pgf@picminx=\dimen153
\pgf@picmaxx=\dimen154
\pgf@picminy=\dimen155
\pgf@picmaxy=\dimen156
\pgf@pathminx=\dimen157
\pgf@pathmaxx=\dimen158
\pgf@pathminy=\dimen159
\pgf@pathmaxy=\dimen160
\pgf@xx=\dimen161
\pgf@xy=\dimen162
\pgf@yx=\dimen163
\pgf@yy=\dimen164
\pgf@zx=\dimen165
\pgf@zy=\dimen166
)
("C:\Users\Alex\AppData\Local\Programs\MiKTeX 2.9\tex/generic/pgf/basiclayer\pg
fcorepathconstruct.code.tex"
File: pgfcorepathconstruct.code.tex 2020/01/08 v3.1.5b (3.1.5b)
\pgf@path@lastx=\dimen167
\pgf@path@lasty=\dimen168
)
("C:\Users\Alex\AppData\Local\Programs\MiKTeX 2.9\tex/generic/pgf/basiclayer\pg
fcorepathusage.code.tex"
File: pgfcorepathusage.code.tex 2020/01/08 v3.1.5b (3.1.5b)
\pgf@shorten@end@additional=\dimen169
\pgf@shorten@start@additional=\dimen170
)
("C:\Users\Alex\AppData\Local\Programs\MiKTeX 2.9\tex/generic/pgf/basiclayer\pg
fcorescopes.code.tex"
File: pgfcorescopes.code.tex 2020/01/08 v3.1.5b (3.1.5b)
\pgfpic=\box34
\pgf@hbox=\box35
\pgf@layerbox@main=\box36
\pgf@picture@serial@count=\count133
)
("C:\Users\Alex\AppData\Local\Programs\MiKTeX 2.9\tex/generic/pgf/basiclayer\pg
fcoregraphicstate.code.tex"
File: pgfcoregraphicstate.code.tex 2020/01/08 v3.1.5b (3.1.5b)
\pgflinewidth=\dimen171
)
("C:\Users\Alex\AppData\Local\Programs\MiKTeX 2.9\tex/generic/pgf/basiclayer\pg
fcoretransformations.code.tex"
File: pgfcoretransformations.code.tex 2020/01/08 v3.1.5b (3.1.5b)
\pgf@pt@x=\dimen172
\pgf@pt@y=\dimen173
\pgf@pt@temp=\dimen174
)
("C:\Users\Alex\AppData\Local\Programs\MiKTeX 2.9\tex/generic/pgf/basiclayer\pg
fcorequick.code.tex"
File: pgfcorequick.code.tex 2020/01/08 v3.1.5b (3.1.5b)
)
("C:\Users\Alex\AppData\Local\Programs\MiKTeX 2.9\tex/generic/pgf/basiclayer\pg
fcoreobjects.code.tex"
File: pgfcoreobjects.code.tex 2020/01/08 v3.1.5b (3.1.5b)
)
("C:\Users\Alex\AppData\Local\Programs\MiKTeX 2.9\tex/generic/pgf/basiclayer\pg
fcorepathprocessing.code.tex"
File: pgfcorepathprocessing.code.tex 2020/01/08 v3.1.5b (3.1.5b)
)
("C:\Users\Alex\AppData\Local\Programs\MiKTeX 2.9\tex/generic/pgf/basiclayer\pg
fcorearrows.code.tex"
File: pgfcorearrows.code.tex 2020/01/08 v3.1.5b (3.1.5b)
\pgfarrowsep=\dimen175
)
("C:\Users\Alex\AppData\Local\Programs\MiKTeX 2.9\tex/generic/pgf/basiclayer\pg
fcoreshade.code.tex"
File: pgfcoreshade.code.tex 2020/01/08 v3.1.5b (3.1.5b)
\pgf@max=\dimen176
\pgf@sys@shading@range@num=\count134
\pgf@shadingcount=\count135
)
("C:\Users\Alex\AppData\Local\Programs\MiKTeX 2.9\tex/generic/pgf/basiclayer\pg
fcoreimage.code.tex"
File: pgfcoreimage.code.tex 2020/01/08 v3.1.5b (3.1.5b)

("C:\Users\Alex\AppData\Local\Programs\MiKTeX 2.9\tex/generic/pgf/basiclayer\pg
fcoreexternal.code.tex"
File: pgfcoreexternal.code.tex 2020/01/08 v3.1.5b (3.1.5b)
\pgfexternal@startupbox=\box37
))
("C:\Users\Alex\AppData\Local\Programs\MiKTeX 2.9\tex/generic/pgf/basiclayer\pg
fcorelayers.code.tex"
File: pgfcorelayers.code.tex 2020/01/08 v3.1.5b (3.1.5b)
)
("C:\Users\Alex\AppData\Local\Programs\MiKTeX 2.9\tex/generic/pgf/basiclayer\pg
fcoretransparency.code.tex"
File: pgfcoretransparency.code.tex 2020/01/08 v3.1.5b (3.1.5b)
)
("C:\Users\Alex\AppData\Local\Programs\MiKTeX 2.9\tex/generic/pgf/basiclayer\pg
fcorepatterns.code.tex"
File: pgfcorepatterns.code.tex 2020/01/08 v3.1.5b (3.1.5b)
)
("C:\Users\Alex\AppData\Local\Programs\MiKTeX 2.9\tex/generic/pgf/basiclayer\pg
fcorerdf.code.tex"
File: pgfcorerdf.code.tex 2020/01/08 v3.1.5b (3.1.5b)
)))
("C:\Users\Alex\AppData\Local\Programs\MiKTeX 2.9\tex/generic/pgf/modules\pgfmo
duleshapes.code.tex"
File: pgfmoduleshapes.code.tex 2020/01/08 v3.1.5b (3.1.5b)
\pgfnodeparttextbox=\box38
)
("C:\Users\Alex\AppData\Local\Programs\MiKTeX 2.9\tex/generic/pgf/modules\pgfmo
duleplot.code.tex"
File: pgfmoduleplot.code.tex 2020/01/08 v3.1.5b (3.1.5b)
)
("C:\Users\Alex\AppData\Local\Programs\MiKTeX 2.9\tex/latex/pgf/compatibility\p
gfcomp-version-0-65.sty"
Package: pgfcomp-version-0-65 2020/01/08 v3.1.5b (3.1.5b)
\pgf@nodesepstart=\dimen177
\pgf@nodesepend=\dimen178
)
("C:\Users\Alex\AppData\Local\Programs\MiKTeX 2.9\tex/latex/pgf/compatibility\p
gfcomp-version-1-18.sty"
Package: pgfcomp-version-1-18 2020/01/08 v3.1.5b (3.1.5b)
))
("C:\Users\Alex\AppData\Local\Programs\MiKTeX 2.9\tex/latex/pgf/utilities\pgffo
r.sty"
("C:\Users\Alex\AppData\Local\Programs\MiKTeX 2.9\tex/latex/pgf/utilities\pgfke
ys.sty"
("C:\Users\Alex\AppData\Local\Programs\MiKTeX 2.9\tex/generic/pgf/utilities\pgf
keys.code.tex"))
("C:\Users\Alex\AppData\Local\Programs\MiKTeX 2.9\tex/latex/pgf/math\pgfmath.st
y"
("C:\Users\Alex\AppData\Local\Programs\MiKTeX 2.9\tex/generic/pgf/math\pgfmath.
code.tex"))
("C:\Users\Alex\AppData\Local\Programs\MiKTeX 2.9\tex/generic/pgf/utilities\pgf
for.code.tex"
Package: pgffor 2020/01/08 v3.1.5b (3.1.5b)

("C:\Users\Alex\AppData\Local\Programs\MiKTeX 2.9\tex/generic/pgf/math\pgfmath.
code.tex")
\pgffor@iter=\dimen179
\pgffor@skip=\dimen180
\pgffor@stack=\toks43
\pgffor@toks=\toks44
))
("C:\Users\Alex\AppData\Local\Programs\MiKTeX 2.9\tex/generic/pgf/frontendlayer
/tikz\tikz.code.tex"
Package: tikz 2020/01/08 v3.1.5b (3.1.5b)

("C:\Users\Alex\AppData\Local\Programs\MiKTeX 2.9\tex/generic/pgf/libraries\pgf
libraryplothandlers.code.tex"
File: pgflibraryplothandlers.code.tex 2020/01/08 v3.1.5b (3.1.5b)
\pgf@plot@mark@count=\count136
\pgfplotmarksize=\dimen181
)
\tikz@lastx=\dimen182
\tikz@lasty=\dimen183
\tikz@lastxsaved=\dimen184
\tikz@lastysaved=\dimen185
\tikz@lastmovetox=\dimen186
\tikz@lastmovetoy=\dimen187
\tikzleveldistance=\dimen188
\tikzsiblingdistance=\dimen189
\tikz@figbox=\box39
\tikz@figbox@bg=\box40
\tikz@tempbox=\box41
\tikz@tempbox@bg=\box42
\tikztreelevel=\count137
\tikznumberofchildren=\count138
\tikznumberofcurrentchild=\count139
\tikz@fig@count=\count140

("C:\Users\Alex\AppData\Local\Programs\MiKTeX 2.9\tex/generic/pgf/modules\pgfmo
dulematrix.code.tex"
File: pgfmodulematrix.code.tex 2020/01/08 v3.1.5b (3.1.5b)
\pgfmatrixcurrentrow=\count141
\pgfmatrixcurrentcolumn=\count142
\pgf@matrix@numberofcolumns=\count143
)
\tikz@expandcount=\count144

("C:\Users\Alex\AppData\Local\Programs\MiKTeX 2.9\tex/generic/pgf/frontendlayer
/tikz/libraries\tikzlibrarytopaths.code.tex"
File: tikzlibrarytopaths.code.tex 2020/01/08 v3.1.5b (3.1.5b)
)))
("C:\Users\Alex\AppData\Local\Programs\MiKTeX 2.9\tex/generic/pgf/frontendlayer
/tikz/libraries\tikzlibrarypositioning.code.tex"
File: tikzlibrarypositioning.code.tex 2020/01/08 v3.1.5b (3.1.5b)
)

LaTeX Warning: Unused global option(s):
    [article].

(Cluster_Analysis.aux)
\openout1 = `Cluster_Analysis.aux'.

LaTeX Font Info:    Checking defaults for OML/cmm/m/it on input line 20.
LaTeX Font Info:    ... okay on input line 20.
LaTeX Font Info:    Checking defaults for T1/cmr/m/n on input line 20.
LaTeX Font Info:    ... okay on input line 20.
LaTeX Font Info:    Checking defaults for OT1/cmr/m/n on input line 20.
LaTeX Font Info:    ... okay on input line 20.
LaTeX Font Info:    Checking defaults for OMS/cmsy/m/n on input line 20.
LaTeX Font Info:    ... okay on input line 20.
LaTeX Font Info:    Checking defaults for OMX/cmex/m/n on input line 20.
LaTeX Font Info:    ... okay on input line 20.
LaTeX Font Info:    Checking defaults for U/cmr/m/n on input line 20.
LaTeX Font Info:    ... okay on input line 20.
LaTeX Font Info:    Checking defaults for T2A/cmr/m/n on input line 20.
LaTeX Font Info:    ... okay on input line 20.
LaTeX Font Info:    Checking defaults for PD1/pdf/m/n on input line 20.
LaTeX Font Info:    ... okay on input line 20.
LaTeX Font Info:    Checking defaults for PU/pdf/m/n on input line 20.
LaTeX Font Info:    ... okay on input line 20.
LaTeX Font Info:    Checking defaults for TS1/cmr/m/n on input line 20.
LaTeX Font Info:    Trying to load font information for TS1+cmr on input line 2
0.

("C:\Users\Alex\AppData\Local\Programs\MiKTeX 2.9\tex/latex/base\ts1cmr.fd"
File: ts1cmr.fd 2014/09/29 v2.5h Standard LaTeX font definitions
)
LaTeX Font Info:    ... okay on input line 20.

*geometry* driver: auto-detecting
*geometry* detected driver: pdftex
*geometry* verbose mode - [ preamble ] result:
* driver: pdftex
* paper: a4paper
* layout: <same size as paper>
* layoutoffset:(h,v)=(0.0pt,0.0pt)
* modes: includefoot 
* h-part:(L,W,R)=(85.35826pt, 469.47049pt, 42.67912pt)
* v-part:(T,H,B)=(56.9055pt, 731.23584pt, 56.9055pt)
* \paperwidth=597.50787pt
* \paperheight=845.04684pt
* \textwidth=469.47049pt
* \textheight=696.23584pt
* \oddsidemargin=13.08827pt
* \evensidemargin=13.08827pt
* \topmargin=-15.36449pt
* \headheight=0.0pt
* \headsep=0.0pt
* \topskip=14.0pt
* \footskip=35.0pt
* \marginparwidth=15.0pt
* \marginparsep=10.0pt
* \columnsep=10.0pt
* \skip\footins=12.0pt plus 4.0pt minus 2.0pt
* \hoffset=0.0pt
* \voffset=0.0pt
* \mag=1000
* \@twocolumnfalse
* \@twosidefalse
* \@mparswitchfalse
* \@reversemarginfalse
* (1in=72.27pt=25.4mm, 1cm=28.453pt)

Package caption Info: Begin \AtBeginDocument code.
Package caption Info: float package is loaded.
Package caption Info: hyperref package is loaded.
Package caption Info: End \AtBeginDocument code.
\AtBeginShipoutBox=\box43
Package hyperref Info: Link coloring OFF on input line 20.

("C:\Users\Alex\AppData\Local\Programs\MiKTeX 2.9\tex/latex/hyperref\nameref.st
y"
Package: nameref 2019/09/16 v2.46 Cross-referencing by name of section

("C:\Users\Alex\AppData\Local\Programs\MiKTeX 2.9\tex/latex/oberdiek\refcount.s
ty"
Package: refcount 2016/05/16 v3.5 Data extraction from label references (HO)
)
("C:\Users\Alex\AppData\Local\Programs\MiKTeX 2.9\tex/generic/oberdiek\gettitle
string.sty"
Package: gettitlestring 2016/05/16 v1.5 Cleanup title references (HO)
)
\c@section@level=\count145
)
LaTeX Info: Redefining \ref on input line 20.
LaTeX Info: Redefining \pageref on input line 20.
LaTeX Info: Redefining \nameref on input line 20.
 (Cluster_Analysis.out) (Cluster_Analysis.out)
\@outlinefile=\write4
\openout4 = `Cluster_Analysis.out'.


("C:\Users\Alex\AppData\Local\Programs\MiKTeX 2.9\tex/context/base/mkii\supp-pd
f.mkii"
[Loading MPS to PDF converter (version 2006.09.02).]
\scratchcounter=\count146
\scratchdimen=\dimen190
\scratchbox=\box44
\nofMPsegments=\count147
\nofMParguments=\count148
\everyMPshowfont=\toks45
\MPscratchCnt=\count149
\MPscratchDim=\dimen191
\MPnumerator=\count150
\makeMPintoPDFobject=\count151
\everyMPtoPDFconversion=\toks46
)
("C:\Users\Alex\AppData\Local\Programs\MiKTeX 2.9\tex/latex/epstopdf-pkg\epstop
df-base.sty"
Package: epstopdf-base 2019/11/24 v2.7 Base part for package epstopdf

("C:\Users\Alex\AppData\Local\Programs\MiKTeX 2.9\tex/latex/oberdiek\grfext.sty
"
Package: grfext 2016/05/16 v1.2 Manage graphics extensions (HO)
)
Package epstopdf-base Info: Redefining graphics rule for `.eps' on input line 4
42.
Package grfext Info: Graphics extension search list:
(grfext)             [.pdf,.png,.jpg,.mps,.jpeg,.jbig2,.jb2,.PDF,.PNG,.JPG,.JPE
G,.JBIG2,.JB2,.eps]
(grfext)             \AppendGraphicsExtensions on input line 460.
) ABD: EveryShipout initializing macros (titlepage_ru.tex
*geometry* verbose mode - [ newgeometry ] result:
* driver: pdftex
* paper: a4paper
* layout: <same size as paper>
* layoutoffset:(h,v)=(0.0pt,0.0pt)
* modes: 
* h-part:(L,W,R)=(85.35826pt, 469.47049pt, 42.67912pt)
* v-part:(T,H,B)=(56.9055pt, 731.23584pt, 56.9055pt)
* \paperwidth=597.50787pt
* \paperheight=845.04684pt
* \textwidth=469.47049pt
* \textheight=731.23584pt
* \oddsidemargin=13.08827pt
* \evensidemargin=13.08827pt
* \topmargin=-15.36449pt
* \headheight=0.0pt
* \headsep=0.0pt
* \topskip=14.0pt
* \footskip=0.0pt
* \marginparwidth=15.0pt
* \marginparsep=10.0pt
* \columnsep=10.0pt
* \skip\footins=12.0pt plus 4.0pt minus 2.0pt
* \hoffset=0.0pt
* \voffset=0.0pt
* \mag=1000
* \@twocolumnfalse
* \@twosidefalse
* \@mparswitchfalse
* \@reversemarginfalse
* (1in=72.27pt=25.4mm, 1cm=28.453pt)

 [1


{C:/Users/Alex/AppData/Local/MiKTeX/2.9/pdftex/config/pdftex.map}]) (titlepage_
en.tex
*geometry* verbose mode - [ newgeometry ] result:
* driver: pdftex
* paper: a4paper
* layout: <same size as paper>
* layoutoffset:(h,v)=(0.0pt,0.0pt)
* modes: 
* h-part:(L,W,R)=(85.35826pt, 469.47049pt, 42.67912pt)
* v-part:(T,H,B)=(56.9055pt, 731.23584pt, 56.9055pt)
* \paperwidth=597.50787pt
* \paperheight=845.04684pt
* \textwidth=469.47049pt
* \textheight=731.23584pt
* \oddsidemargin=13.08827pt
* \evensidemargin=13.08827pt
* \topmargin=-15.36449pt
* \headheight=0.0pt
* \headsep=0.0pt
* \topskip=14.0pt
* \footskip=0.0pt
* \marginparwidth=15.0pt
* \marginparsep=10.0pt
* \columnsep=10.0pt
* \skip\footins=12.0pt plus 4.0pt minus 2.0pt
* \hoffset=0.0pt
* \voffset=0.0pt
* \mag=1000
* \@twocolumnfalse
* \@twosidefalse
* \@mparswitchfalse
* \@reversemarginfalse
* (1in=72.27pt=25.4mm, 1cm=28.453pt)

pdfTeX warning (ext4): destination with the same identifier (name{page.1}) has 
been already used, duplicate ignored
<to be read again> 
                   \relax 
l.56 \end{titlepage}
                     [1


])
Underfull \hbox (badness 10000) in paragraph at lines 47--48

 []


Underfull \hbox (badness 10000) in paragraph at lines 59--60

 []

[2

]
Underfull \hbox (badness 10000) in paragraph at lines 85--89

 []


Underfull \hbox (badness 10000) in paragraph at lines 85--89

 []


Underfull \hbox (badness 10000) in paragraph at lines 85--89

 []


Underfull \hbox (badness 10000) in paragraph at lines 98--99

 []

[3] (Cluster_Analysis.toc
LaTeX Font Info:    Trying to load font information for U+msa on input line 2.

("C:\Users\Alex\AppData\Local\Programs\MiKTeX 2.9\tex/latex/amsfonts\umsa.fd"
File: umsa.fd 2013/01/14 v3.01 AMS symbols A
)
LaTeX Font Info:    Trying to load font information for U+msb on input line 2.

("C:\Users\Alex\AppData\Local\Programs\MiKTeX 2.9\tex/latex/amsfonts\umsb.fd"
File: umsb.fd 2013/01/14 v3.01 AMS symbols B
))
\tf@toc=\write5
\openout5 = `Cluster_Analysis.toc'.

[4]

LaTeX Font Warning: Font shape `T2A/cmr/bx/n' in size <18> not available
(Font)              size <17.28> substituted on input line 113.


LaTeX Font Warning: Font shape `T2A/cmr/bx/n' in size <16> not available
(Font)              size <17.28> substituted on input line 116.

[5] [6] [7] [8]
Overfull \hbox (2.86037pt too wide) in paragraph at lines 289--290
[]\T2A/cmr/m/n/12  -- - - -- ---
- --- []. 
 []


Overfull \hbox (0.20642pt too wide) in paragraph at lines 291--292
\T2A/cmr/m/it/12 ---,  -- -- -- $\OML/cm
m/m/it/12 A$ \T2A/cmr/m/it/12 - ---- ---
 []

[9] [10]
LaTeX Font Info:    Calculating math sizes for size <16> on input line 323.


LaTeX Font Warning: Font shape `OT1/cmr/m/n' in size <16> not available
(Font)              size <17.28> substituted on input line 323.


LaTeX Font Warning: Font shape `OML/cmm/m/it' in size <16> not available
(Font)              size <17.28> substituted on input line 323.


LaTeX Font Warning: Font shape `OMS/cmsy/m/n' in size <16> not available
(Font)              size <17.28> substituted on input line 323.


Package hyperref Warning: Token not allowed in a PDF string (Unicode):
(hyperref)                removing `\\' on input line 323.


Package hyperref Warning: Token not allowed in a PDF string (Unicode):
(hyperref)                removing `math shift' on input line 323.


Package hyperref Warning: Token not allowed in a PDF string (Unicode):
(hyperref)                removing `\begingroup' on input line 323.


Package hyperref Warning: Token not allowed in a PDF string (Unicode):
(hyperref)                removing `\endgroup' on input line 323.


Package hyperref Warning: Token not allowed in a PDF string (Unicode):
(hyperref)                removing `\@@over' on input line 323.


Package hyperref Warning: Token not allowed in a PDF string (Unicode):
(hyperref)                removing `\tau' on input line 323.


Package hyperref Warning: Token not allowed in a PDF string (Unicode):
(hyperref)                removing `subscript' on input line 323.


Package hyperref Warning: Token not allowed in a PDF string (Unicode):
(hyperref)                removing `\tau' on input line 323.


Package hyperref Warning: Token not allowed in a PDF string (Unicode):
(hyperref)                removing `subscript' on input line 323.


Package hyperref Warning: Token not allowed in a PDF string (Unicode):
(hyperref)                removing `math shift' on input line 323.


Package hyperref Warning: Token not allowed in a PDF string (Unicode):
(hyperref)                removing `math shift' on input line 343.


Package hyperref Warning: Token not allowed in a PDF string (Unicode):
(hyperref)                removing `\nu' on input line 343.


Package hyperref Warning: Token not allowed in a PDF string (Unicode):
(hyperref)                removing `math shift' on input line 343.


Package hyperref Warning: Token not allowed in a PDF string (Unicode):
(hyperref)                removing `math shift' on input line 357.


Package hyperref Warning: Token not allowed in a PDF string (Unicode):
(hyperref)                removing `\nu' on input line 357.


Package hyperref Warning: Token not allowed in a PDF string (Unicode):
(hyperref)                removing `math shift' on input line 357.

[11]
<images/filter1e.jpg, id=241, 1124.2pt x 843.15pt>
File: images/filter1e.jpg Graphic file (type jpg)
<use images/filter1e.jpg>
Package pdftex.def Info: images/filter1e.jpg  used on input line 399.
(pdftex.def)             Requested size: 256.0748pt x 192.05493pt.

Overfull \hbox (21.33955pt too wide) in paragraph at lines 399--400
[][] 
 []

<images/filter1_1.jpg, id=242, 1124.2pt x 843.15pt>
File: images/filter1_1.jpg Graphic file (type jpg)
<use images/filter1_1.jpg>
Package pdftex.def Info: images/filter1_1.jpg  used on input line 404.
(pdftex.def)             Requested size: 256.0748pt x 192.05493pt.

Overfull \hbox (21.33955pt too wide) in paragraph at lines 404--405
[][] 
 []

[12 <./images/filter1e.jpg> <./images/filter1_1.jpg>]

Package hyperref Warning: Token not allowed in a PDF string (Unicode):
(hyperref)                removing `\\' on input line 417.


Package hyperref Warning: Token not allowed in a PDF string (Unicode):
(hyperref)                removing `math shift' on input line 417.


Package hyperref Warning: Token not allowed in a PDF string (Unicode):
(hyperref)                removing `\begingroup' on input line 417.


Package hyperref Warning: Token not allowed in a PDF string (Unicode):
(hyperref)                removing `\tau' on input line 417.


Package hyperref Warning: Token not allowed in a PDF string (Unicode):
(hyperref)                removing `subscript' on input line 417.


Package hyperref Warning: Token not allowed in a PDF string (Unicode):
(hyperref)                removing `superscript' on input line 417.


Package hyperref Warning: Token not allowed in a PDF string (Unicode):
(hyperref)                removing `\endgroup' on input line 417.


Package hyperref Warning: Token not allowed in a PDF string (Unicode):
(hyperref)                removing `\@@over' on input line 417.


Package hyperref Warning: Token not allowed in a PDF string (Unicode):
(hyperref)                removing `\tau' on input line 417.


Package hyperref Warning: Token not allowed in a PDF string (Unicode):
(hyperref)                removing `subscript' on input line 417.


Package hyperref Warning: Token not allowed in a PDF string (Unicode):
(hyperref)                removing `superscript' on input line 417.


Package hyperref Warning: Token not allowed in a PDF string (Unicode):
(hyperref)                removing `math shift' on input line 417.

[13]
<images/main.jpg, id=278, 1124.2pt x 843.15pt>
File: images/main.jpg Graphic file (type jpg)
<use images/main.jpg>
Package pdftex.def Info: images/main.jpg  used on input line 491.
(pdftex.def)             Requested size: 256.0748pt x 192.05493pt.
 [14 <./images/main.jpg>]

Package hyperref Warning: Token not allowed in a PDF string (Unicode):
(hyperref)                removing `\\' on input line 500.


Package hyperref Warning: Token not allowed in a PDF string (Unicode):
(hyperref)                removing `math shift' on input line 500.


Package hyperref Warning: Token not allowed in a PDF string (Unicode):
(hyperref)                removing `\begingroup' on input line 500.


Package hyperref Warning: Token not allowed in a PDF string (Unicode):
(hyperref)                removing `\tau' on input line 500.


Package hyperref Warning: Token not allowed in a PDF string (Unicode):
(hyperref)                removing `subscript' on input line 500.


Package hyperref Warning: Token not allowed in a PDF string (Unicode):
(hyperref)                removing `\tau' on input line 500.


Package hyperref Warning: Token not allowed in a PDF string (Unicode):
(hyperref)                removing `subscript' on input line 500.


Package hyperref Warning: Token not allowed in a PDF string (Unicode):
(hyperref)                removing `\endgroup' on input line 500.


Package hyperref Warning: Token not allowed in a PDF string (Unicode):
(hyperref)                removing `\@@over' on input line 500.


Package hyperref Warning: Token not allowed in a PDF string (Unicode):
(hyperref)                removing `\tau' on input line 500.


Package hyperref Warning: Token not allowed in a PDF string (Unicode):
(hyperref)                removing `subscript' on input line 500.


Package hyperref Warning: Token not allowed in a PDF string (Unicode):
(hyperref)                removing `\tau' on input line 500.


Package hyperref Warning: Token not allowed in a PDF string (Unicode):
(hyperref)                removing `subscript' on input line 500.


Package hyperref Warning: Token not allowed in a PDF string (Unicode):
(hyperref)                removing `math shift' on input line 500.

[15] [16] [17] [18]
Underfull \hbox (badness 1286) in paragraph at lines 622--623
[]\T2A/cmr/m/n/12 Ujwala A. Belorkar, Ladhake S.A. Design of Low Power Phase Lo
cked Loop
 []

[19] [20]
Package atveryend Info: Empty hook `BeforeClearDocument' on input line 660.
Package atveryend Info: Empty hook `AfterLastShipout' on input line 660.
 (Cluster_Analysis.aux)
Package atveryend Info: Executing hook `AtVeryEndDocument' on input line 660.
Package atveryend Info: Executing hook `AtEndAfterFileList' on input line 660.
Package rerunfilecheck Info: File `Cluster_Analysis.out' has not changed.
(rerunfilecheck)             Checksum: F0C3E36D303E06744785C102F2C47D1E;3716.


LaTeX Font Warning: Size substitutions with differences
(Font)              up to 1.28pt have occurred.

Package atveryend Info: Empty hook `AtVeryVeryEnd' on input line 660.
 ) 
Here is how much of TeX's memory you used:
 24102 strings out of 492484
 423872 string characters out of 3122054
 478789 words of memory out of 3000000
 27874 multiletter control sequences out of 15000+200000
 27934 words of font info for 74 fonts, out of 3000000 for 9000
 1141 hyphenation exceptions out of 8191
 60i,13n,60p,2424b,798s stack positions out of 5000i,500n,10000p,200000b,50000s
{C:/Users/Alex/AppData/Local/Programs/MiKTeX 2.9/fonts/enc/dvips/cm-super/cm-
super-t2a.enc}<C:/Users/Alex/AppData/Local/Programs/MiKTeX 2.9/fonts/type1/publ
ic/amsfonts/cm/cmex10.pfb><C:/Users/Alex/AppData/Local/Programs/MiKTeX 2.9/font
s/type1/public/amsfonts/cm/cmmi10.pfb><C:/Users/Alex/AppData/Local/Programs/MiK
TeX 2.9/fonts/type1/public/amsfonts/cm/cmmi12.pfb><C:/Users/Alex/AppData/Local/
Programs/MiKTeX 2.9/fonts/type1/public/amsfonts/cm/cmmi6.pfb><C:/Users/Alex/App
Data/Local/Programs/MiKTeX 2.9/fonts/type1/public/amsfonts/cm/cmmi8.pfb><C:/Use
rs/Alex/AppData/Local/Programs/MiKTeX 2.9/fonts/type1/public/amsfonts/cm/cmr10.
pfb><C:/Users/Alex/AppData/Local/Programs/MiKTeX 2.9/fonts/type1/public/amsfont
s/cm/cmr12.pfb><C:/Users/Alex/AppData/Local/Programs/MiKTeX 2.9/fonts/type1/pub
lic/amsfonts/cm/cmr6.pfb><C:/Users/Alex/AppData/Local/Programs/MiKTeX 2.9/fonts
/type1/public/amsfonts/cm/cmr7.pfb><C:/Users/Alex/AppData/Local/Programs/MiKTeX
 2.9/fonts/type1/public/amsfonts/cm/cmr8.pfb><C:/Users/Alex/AppData/Local/Progr
ams/MiKTeX 2.9/fonts/type1/public/amsfonts/cm/cmsy10.pfb><C:/Users/Alex/AppData
/Local/Programs/MiKTeX 2.9/fonts/type1/public/amsfonts/cm/cmsy8.pfb><C:/Users/A
lex/AppData/Local/Programs/MiKTeX 2.9/fonts/type1/public/amsfonts/symbols/msam1
0.pfb><C:/Users/Alex/AppData/Local/Programs/MiKTeX 2.9/fonts/type1/public/amsfo
nts/symbols/msbm10.pfb><C:/Users/Alex/AppData/Local/Programs/MiKTeX 2.9/fonts/t
ype1/public/cm-super/sfbi1728.pfb><C:/Users/Alex/AppData/Local/Programs/MiKTeX 
2.9/fonts/type1/public/cm-super/sfbx1000.pfb><C:/Users/Alex/AppData/Local/Progr
ams/MiKTeX 2.9/fonts/type1/public/cm-super/sfbx1200.pfb><C:/Users/Alex/AppData/
Local/Programs/MiKTeX 2.9/fonts/type1/public/cm-super/sfbx1440.pfb><C:/Users/Al
ex/AppData/Local/Programs/MiKTeX 2.9/fonts/type1/public/cm-super/sfbx1728.pfb><
C:/Users/Alex/AppData/Local/Programs/MiKTeX 2.9/fonts/type1/public/cm-super/sfb
x2074.pfb><C:/Users/Alex/AppData/Local/Programs/MiKTeX 2.9/fonts/type1/public/c
m-super/sfrm1000.pfb><C:/Users/Alex/AppData/Local/Programs/MiKTeX 2.9/fonts/typ
e1/public/cm-super/sfrm1200.pfb><C:/Users/Alex/AppData/Local/Programs/MiKTeX 2.
9/fonts/type1/public/cm-super/sfrm1440.pfb><C:/Users/Alex/AppData/Local/Program
s/MiKTeX 2.9/fonts/type1/public/cm-super/sfrm1728.pfb><C:/Users/Alex/AppData/Lo
cal/Programs/MiKTeX 2.9/fonts/type1/public/cm-super/sfti1200.pfb>
Output written on Cluster_Analysis.pdf (21 pages, 691677 bytes).
PDF statistics:
 464 PDF objects out of 1000 (max. 8388607)
 116 named destinations out of 1000 (max. 500000)
 132 words of extra memory for PDF output out of 10000 (max. 10000000)

